[82499] [?25l[36m[1G━━━━━━━━━━━━━━━━━━━━━━━━━━━━━━━━━━━━━━━━━━━━━━━━━━━━━━━━━━━━━━━━━━━━━━━━━━━━━━━━━━━━━━━━━━━━━━━━━━━━━━━━━━━━━━━━━━━━━━━━━━━━━━━━━━━━━━━━━━━━━━━━━━━━━━━━━━━━━━━━━━━━━━━━━━━━━━━━━━━━━[1G[36m┏━━ [0;36mPushing theme files to dawn-fog-122 (#171154014535) on 4d2b4e.myshopify.com[0m [36m[180G[0m[?25h
[82499] [36m┃ [0m[?25l[82499] [0m[46m [1;47m                                                                                                                                                                             [0m 0%  [82499] [1A[1G
[36m┃ [0m[0m[46m  [1;47m                                                                                                                                                                            [0m 0%  [1A[1G
[36m┃ [0m[0m[46m   [1;47m                                                                                                                                                                           [0m 1%  [1A[1G
[36m┃ [0m[0m[46m   [1;47m                                                                                                                                                                           [0m 1%  [1A[1G
[36m┃ [0m[0m[46m   [1;47m                                                                                                                                                                           [0m 1%  [1A[1G
[36m┃ [0m[0m[46m    [1;47m                                                                                                                                                                          [0m 1%  [1A[1G
[36m┃ [0m[0m[46m    [1;47m                                                                                                                                                                          [0m 2%  [1A[1G
[36m┃ [0m[0m[46m     [1;47m                                                                                                                                                                         [0m 2%  [1A[1G
[36m┃ [0m[0m[46m     [1;47m                                                                                                                                                                         [0m 2%  [1A[1G
[36m┃ [0m[0m[46m      [1;47m                                                                                                                                                                        [0m 3%  [1A[1G
[36m┃ [0m[0m[46m      [1;47m                                                                                                                                                                        [0m 3%  [1A[1G
[36m┃ [0m[0m[46m       [1;47m                                                                                                                                                                       [0m 3%  [1A[1G
[36m┃ [0m[0m[46m       [1;47m                                                                                                                                                                       [0m 3%  [1A[1G
[36m┃ [0m[0m[46m        [1;47m                                                                                                                                                                      [0m 4%  [1A[1G
[36m┃ [0m[0m[46m        [1;47m                                                                                                                                                                      [0m 4%  [1A[1G
[36m┃ [0m[0m[46m         [1;47m                                                                                                                                                                     [0m 4%  [1A[1G
[36m┃ [0m[0m[46m          [1;47m                                                                                                                                                                    [0m 5%  [1A[1G
[36m┃ [0m[0m[46m           [1;47m                                                                                                                                                                   [0m 5%  [1A[1G
[36m┃ [0m[0m[46m            [1;47m                                                                                                                                                                  [0m 6%  [1A[1G
[36m┃ [0m[0m[46m            [1;47m                                                                                                                                                                  [0m 6%  [1A[1G
[36m┃ [0m[0m[46m             [1;47m                                                                                                                                                                 [0m 7%  [1A[1G
[36m┃ [0m[0m[46m              [1;47m                                                                                                                                                                [0m 7%  [1A[1G
[36m┃ [0m[0m[46m               [1;47m                                                                                                                                                               [0m 8%  [1A[1G
[36m┃ [0m[0m[46m                [1;47m                                                                                                                                                              [0m 8%  [1A[1G
[36m┃ [0m[0m[46m                [1;47m                                                                                                                                                              [0m 8%  [1A[1G
[36m┃ [0m[0m[46m                [1;47m                                                                                                                                                              [0m 9%  [1A[1G
[36m┃ [0m[0m[46m                 [1;47m                                                                                                                                                             [0m 9%  [1A[1G
[36m┃ [0m[0m[46m                  [1;47m                                                                                                                                                            [0m 10% [1A[1G
[36m┃ [0m[0m[46m                   [1;47m                                                                                                                                                           [0m 10% [1A[1G
[36m┃ [0m[0m[46m                    [1;47m                                                                                                                                                          [0m 10% [1A[1G
[36m┃ [0m[0m[46m                    [1;47m                                                                                                                                                          [0m 11% [1A[1G
[36m┃ [0m[0m[46m                     [1;47m                                                                                                                                                         [0m 11% [1A[1G
[36m┃ [0m[0m[46m                     [1;47m                                                                                                                                                         [0m 11% [1A[1G
[36m┃ [0m[0m[46m                     [1;47m                                                                                                                                                         [0m 11% [1A[1G
[36m┃ [0m[0m[46m                      [1;47m                                                                                                                                                        [0m 12% [1A[1G
[36m┃ [0m[0m[46m                      [1;47m                                                                                                                                                        [0m 12% [1A[1G
[36m┃ [0m[0m[46m                       [1;47m                                                                                                                                                       [0m 12% [1A[1G
[36m┃ [0m[0m[46m                       [1;47m                                                                                                                                                       [0m 13% [1A[1G
[36m┃ [0m[0m[46m                       [1;47m                                                                                                                                                       [0m 13% [1A[1G
[36m┃ [0m[0m[46m                        [1;47m                                                                                                                                                      [0m 13% [1A[1G
[36m┃ [0m[0m[46m                        [1;47m                                                                                                                                                      [0m 13% [1A[1G
[36m┃ [0m[0m[46m                         [1;47m                                                                                                                                                     [0m 14% [1A[1G
[36m┃ [0m[0m[46m                         [1;47m                                                                                                                                                     [0m 14% [1A[1G
[36m┃ [0m[0m[46m                          [1;47m                                                                                                                                                    [0m 14% [1A[1G
[36m┃ [0m[0m[46m                          [1;47m                                                                                                                                                    [0m 14% [1A[1G
[36m┃ [0m[0m[46m                           [1;47m                                                                                                                                                   [0m 15% [1A[1G
[36m┃ [0m[0m[46m                            [1;47m                                                                                                                                                  [0m 15% [1A[1G
[36m┃ [0m[0m[46m                            [1;47m                                                                                                                                                  [0m 15% [1A[1G
[36m┃ [0m[0m[46m                             [1;47m                                                                                                                                                 [0m 16% [1A[1G
[36m┃ [0m[0m[46m                              [1;47m                                                                                                                                                [0m 16% [1A[1G
[36m┃ [0m[0m[46m                               [1;47m                                                                                                                                               [0m 17% [1A[1G
[36m┃ [0m[0m[46m                                [1;47m                                                                                                                                              [0m 17% [1A[1G
[36m┃ [0m[0m[46m                                [1;47m                                                                                                                                              [0m 18% [1A[1G
[36m┃ [0m[0m[46m                                 [1;47m                                                                                                                                             [0m 18% [1A[1G
[36m┃ [0m[0m[46m                                 [1;47m                                                                                                                                             [0m 18% [1A[1G
[36m┃ [0m[0m[46m                                 [1;47m                                                                                                                                             [0m 18% [1A[1G
[36m┃ [0m[0m[46m                                  [1;47m                                                                                                                                            [0m 19% [1A[1G
[36m┃ [0m[0m[46m                                   [1;47m                                                                                                                                           [0m 19% [1A[1G
[36m┃ [0m[0m[46m                                    [1;47m                                                                                                                                          [0m 20% [1A[1G
[36m┃ [0m[0m[46m                                    [1;47m                                                                                                                                          [0m 20% [1A[1G
[36m┃ [0m[0m[46m                                     [1;47m                                                                                                                                         [0m 20% [1A[1G
[36m┃ [0m[0m[46m                                     [1;47m                                                                                                                                         [0m 21% [1A[1G
[36m┃ [0m[0m[46m                                      [1;47m                                                                                                                                        [0m 21% [1A[1G
[36m┃ [0m[0m[46m                                       [1;47m                                                                                                                                       [0m 21% [1A[1G
[36m┃ [0m[0m[46m                                       [1;47m                                                                                                                                       [0m 22% [1A[1G
[36m┃ [0m[0m[46m                                       [1;47m                                                                                                                                       [0m 22% [1A[1G
[36m┃ [0m[0m[46m                                        [1;47m                                                                                                                                      [0m 22% [1A[1G
[36m┃ [0m[0m[46m                                        [1;47m                                                                                                                                      [0m 22% [1A[1G
[36m┃ [0m[0m[46m                                         [1;47m                                                                                                                                     [0m 23% [1A[1G
[36m┃ [0m[0m[46m                                         [1;47m                                                                                                                                     [0m 23% [1A[1G
[36m┃ [0m[0m[46m                                          [1;47m                                                                                                                                    [0m 23% [1A[1G
[36m┃ [0m[0m[46m                                          [1;47m                                                                                                                                    [0m 24% [1A[1G
[36m┃ [0m[0m[46m                                           [1;47m                                                                                                                                   [0m 24% [1A[1G
[36m┃ [0m[0m[46m                                           [1;47m                                                                                                                                   [0m 24% [1A[1G
[36m┃ [0m[0m[46m                                            [1;47m                                                                                                                                  [0m 25% [1A[1G
[36m┃ [0m[0m[46m                                            [1;47m                                                                                                                                  [0m 25% [1A[1G
[36m┃ [0m[0m[46m                                             [1;47m                                                                                                                                 [0m 25% [1A[1G
[36m┃ [0m[0m[46m                                             [1;47m                                                                                                                                 [0m 25% [1A[1G
[36m┃ [0m[0m[46m                                              [1;47m                                                                                                                                [0m 25% [1A[1G
[36m┃ [0m[0m[46m                                              [1;47m                                                                                                                                [0m 26% [1A[1G
[36m┃ [0m[0m[46m                                               [1;47m                                                                                                                               [0m 26% [1A[1G
[36m┃ [0m[0m[46m                                               [1;47m                                                                                                                               [0m 26% [1A[1G
[36m┃ [0m[0m[46m                                               [1;47m                                                                                                                               [0m 26% [1A[1G
[36m┃ [0m[0m[46m                                                [1;47m                                                                                                                              [0m 27% [1A[1G
[36m┃ [0m[0m[46m                                                [1;47m                                                                                                                              [0m 27% [1A[1G
[36m┃ [0m[0m[46m                                                 [1;47m                                                                                                                             [0m 27% [1A[1G
[36m┃ [0m[0m[46m                                                 [1;47m                                                                                                                             [0m 28% [1A[1G
[36m┃ [0m[0m[46m                                                  [1;47m                                                                                                                            [0m 28% [1A[1G
[36m┃ [0m[0m[46m                                                  [1;47m                                                                                                                            [0m 28% [1A[1G
[36m┃ [0m[0m[46m                                                   [1;47m                                                                                                                           [0m 28% [1A[1G
[36m┃ [0m[0m[46m                                                   [1;47m                                                                                                                           [0m 29% [1A[1G
[36m┃ [0m[0m[46m                                                   [1;47m                                                                                                                           [0m 29% [1A[1G
[36m┃ [0m[0m[46m                                                    [1;47m                                                                                                                          [0m 29% [1A[1G
[36m┃ [0m[0m[46m                                                    [1;47m                                                                                                                          [0m 29% [1A[1G
[36m┃ [0m[0m[46m                                                     [1;47m                                                                                                                         [0m 30% [1A[1G
[36m┃ [0m[0m[46m                                                      [1;47m                                                                                                                        [0m 30% [1A[1G
[36m┃ [0m[0m[46m                                                      [1;47m                                                                                                                        [0m 30% [1A[1G
[36m┃ [0m[0m[46m                                                      [1;47m                                                                                                                        [0m 30% [1A[1G
[36m┃ [0m[0m[46m                                                       [1;47m                                                                                                                       [0m 31% [1A[1G
[36m┃ [0m[0m[46m                                                       [1;47m                                                                                                                       [0m 31% [1A[1G
[36m┃ [0m[0m[46m                                                        [1;47m                                                                                                                      [0m 31% [1A[1G
[36m┃ [0m[0m[46m                                                        [1;47m                                                                                                                      [0m 32% [1A[1G
[36m┃ [0m[0m[46m                                                         [1;47m                                                                                                                     [0m 32% [1A[1G
[36m┃ [0m[0m[46m                                                         [1;47m                                                                                                                     [0m 32% [1A[1G
[36m┃ [0m[0m[46m                                                          [1;47m                                                                                                                    [0m 32% [1A[1G
[36m┃ [0m[0m[46m                                                          [1;47m                                                                                                                    [0m 33% [1A[1G
[36m┃ [0m[0m[46m                                                          [1;47m                                                                                                                    [0m 33% [1A[1G
[36m┃ [0m[0m[46m                                                           [1;47m                                                                                                                   [0m 33% [1A[1G
[36m┃ [0m[0m[46m                                                           [1;47m                                                                                                                   [0m 33% [1A[1G
[36m┃ [0m[0m[46m                                                            [1;47m                                                                                                                  [0m 34% [1A[1G
[36m┃ [0m[0m[46m                                                            [1;47m                                                                                                                  [0m 34% [1A[1G
[36m┃ [0m[0m[46m                                                             [1;47m                                                                                                                 [0m 34% [1A[1G
[36m┃ [0m[0m[46m                                                              [1;47m                                                                                                                [0m 35% [1A[1G
[36m┃ [0m[0m[46m                                                              [1;47m                                                                                                                [0m 35% [1A[1G
[36m┃ [0m[0m[46m                                                              [1;47m                                                                                                                [0m 35% [1A[1G
[36m┃ [0m[0m[46m                                                               [1;47m                                                                                                               [0m 35% [1A[1G
[36m┃ [0m[0m[46m                                                               [1;47m                                                                                                               [0m 35% [1A[1G
[36m┃ [0m[0m[46m                                                                [1;47m                                                                                                              [0m 36% [1A[1G
[36m┃ [0m[0m[46m                                                                [1;47m                                                                                                              [0m 36% [1A[1G
[36m┃ [0m[0m[46m                                                                 [1;47m                                                                                                             [0m 36% [1A[1G
[36m┃ [0m[0m[46m                                                                 [1;47m                                                                                                             [0m 37% [1A[1G
[36m┃ [0m[0m[46m                                                                  [1;47m                                                                                                            [0m 37% [1A[1G
[36m┃ [0m[0m[46m                                                                  [1;47m                                                                                                            [0m 37% [1A[1G
[36m┃ [0m[0m[46m                                                                   [1;47m                                                                                                           [0m 38% [1A[1G
[36m┃ [0m[0m[46m                                                                   [1;47m                                                                                                           [0m 38% [1A[1G
[36m┃ [0m[0m[46m                                                                   [1;47m                                                                                                           [0m 38% [1A[1G
[36m┃ [0m[0m[46m                                                                    [1;47m                                                                                                          [0m 38% [1A[1G
[36m┃ [0m[0m[46m                                                                    [1;47m                                                                                                          [0m 39% [1A[1G
[36m┃ [0m[0m[46m                                                                     [1;47m                                                                                                         [0m 39% [1A[1G
[36m┃ [0m[0m[46m                                                                     [1;47m                                                                                                         [0m 39% [1A[1G
[36m┃ [0m[0m[46m                                                                      [1;47m                                                                                                        [0m 39% [1A[1G
[36m┃ [0m[0m[46m                                                                       [1;47m                                                                                                       [0m 40% [1A[1G
[36m┃ [0m[0m[46m                                                                       [1;47m                                                                                                       [0m 40% [1A[1G
[36m┃ [0m[0m[46m                                                                        [1;47m                                                                                                      [0m 40% [1A[1G
[36m┃ [0m[0m[46m                                                                        [1;47m                                                                                                      [0m 41% [1A[1G
[36m┃ [0m[0m[46m                                                                         [1;47m                                                                                                     [0m 41% [1A[1G
[36m┃ [0m[0m[46m                                                                         [1;47m                                                                                                     [0m 41% [1A[1G
[36m┃ [0m[0m[46m                                                                           [1;47m                                                                                                   [0m 42% [1A[1G
[36m┃ [0m[0m[46m                                                                           [1;47m                                                                                                   [0m 42% [1A[1G
[36m┃ [0m[0m[46m                                                                           [1;47m                                                                                                   [0m 42% [1A[1G
[36m┃ [0m[0m[46m                                                                           [1;47m                                                                                                   [0m 42% [1A[1G
[36m┃ [0m[0m[46m                                                                             [1;47m                                                                                                 [0m 43% [1A[1G
[36m┃ [0m[0m[46m                                                                             [1;47m                                                                                                 [0m 44% [1A[1G
[36m┃ [0m[0m[46m                                                                              [1;47m                                                                                                [0m 44% [1A[1G
[36m┃ [0m[0m[46m                                                                              [1;47m                                                                                                [0m 44% [1A[1G
[36m┃ [0m[0m[46m                                                                              [1;47m                                                                                                [0m 44% [1A[1G
[36m┃ [0m[0m[46m                                                                                [1;47m                                                                                              [0m 45% [1A[1G
[36m┃ [0m[0m[46m                                                                                [1;47m                                                                                              [0m 45% [1A[1G
[36m┃ [0m[0m[46m                                                                                [1;47m                                                                                              [0m 45% [1A[1G
[36m┃ [0m[0m[46m                                                                                 [1;47m                                                                                             [0m 46% [1A[1G
[36m┃ [0m[0m[46m                                                                                 [1;47m                                                                                             [0m 46% [1A[1G
[36m┃ [0m[0m[46m                                                                                  [1;47m                                                                                            [0m 46% [1A[1G
[36m┃ [0m[0m[46m                                                                                  [1;47m                                                                                            [0m 46% [1A[1G
[36m┃ [0m[0m[46m                                                                                  [1;47m                                                                                            [0m 46% [1A[1G
[36m┃ [0m[0m[46m                                                                                   [1;47m                                                                                           [0m 47% [1A[1G
[36m┃ [0m[0m[46m                                                                                    [1;47m                                                                                          [0m 48% [1A[1G
[36m┃ [0m[0m[46m                                                                                    [1;47m                                                                                          [0m 48% [1A[1G
[36m┃ [0m[0m[46m                                                                                    [1;47m                                                                                          [0m 48% [1A[1G
[36m┃ [0m[0m[46m                                                                                     [1;47m                                                                                         [0m 48% [1A[1G
[36m┃ [0m[0m[46m                                                                                     [1;47m                                                                                         [0m 48% [1A[1G
[36m┃ [0m[0m[46m                                                                                      [1;47m                                                                                        [0m 49% [1A[1G
[36m┃ [0m[0m[46m                                                                                      [1;47m                                                                                        [0m 49% [1A[1G
[36m┃ [0m[0m[46m                                                                                       [1;47m                                                                                       [0m 50% [1A[1G
[36m┃ [0m[0m[46m                                                                                       [1;47m                                                                                       [0m 50% [1A[1G
[36m┃ [0m[0m[46m                                                                                        [1;47m                                                                                      [0m 50% [1A[1G
[36m┃ [0m[0m[46m                                                                                         [1;47m                                                                                     [0m 50% [1A[1G
[36m┃ [0m[0m[46m                                                                                         [1;47m                                                                                     [0m 50% [1A[1G
[36m┃ [0m[0m[46m                                                                                           [1;47m                                                                                   [0m 52% [1A[1G
[36m┃ [0m[0m[46m                                                                                           [1;47m                                                                                   [0m 52% [1A[1G
[36m┃ [0m[0m[46m                                                                                            [1;47m                                                                                  [0m 52% [1A[1G
[36m┃ [0m[0m[46m                                                                                             [1;47m                                                                                 [0m 53% [1A[1G
[36m┃ [0m[0m[46m                                                                                             [1;47m                                                                                 [0m 53% [1A[1G
[36m┃ [0m[0m[46m                                                                                             [1;47m                                                                                 [0m 53% [1A[1G
[36m┃ [0m[0m[46m                                                                                             [1;47m                                                                                 [0m 53% [1A[1G
[36m┃ [0m[0m[46m                                                                                             [1;47m                                                                                 [0m 53% [1A[1G
[36m┃ [0m[0m[46m                                                                                              [1;47m                                                                                [0m 53% [1A[1G
[36m┃ [0m[0m[46m                                                                                              [1;47m                                                                                [0m 53% [1A[1G
[36m┃ [0m[0m[46m                                                                                               [1;47m                                                                               [0m 54% [1A[1G
[36m┃ [0m[0m[46m                                                                                               [1;47m                                                                               [0m 54% [1A[1G
[36m┃ [0m[0m[46m                                                                                                [1;47m                                                                              [0m 54% [1A[1G
[36m┃ [0m[0m[46m                                                                                                 [1;47m                                                                             [0m 55% [1A[1G
[36m┃ [0m[0m[46m                                                                                                 [1;47m                                                                             [0m 55% [1A[1G
[36m┃ [0m[0m[46m                                                                                                  [1;47m                                                                            [0m 55% [1A[1G
[36m┃ [0m[0m[46m                                                                                                   [1;47m                                                                           [0m 56% [1A[1G
[36m┃ [0m[0m[46m                                                                                                    [1;47m                                                                          [0m 57% [1A[1G
[36m┃ [0m[0m[46m                                                                                                    [1;47m                                                                          [0m 57% [1A[1G
[36m┃ [0m[0m[46m                                                                                                    [1;47m                                                                          [0m 57% [1A[1G
[36m┃ [0m[0m[46m                                                                                                    [1;47m                                                                          [0m 57% [1A[1G
[36m┃ [0m[0m[46m                                                                                                     [1;47m                                                                         [0m 57% [1A[1G
[36m┃ [0m[0m[46m                                                                                                     [1;47m                                                                         [0m 57% [1A[1G
[36m┃ [0m[0m[46m                                                                                                      [1;47m                                                                        [0m 58% [1A[1G
[36m┃ [0m[0m[46m                                                                                                      [1;47m                                                                        [0m 58% [1A[1G
[36m┃ [0m[0m[46m                                                                                                       [1;47m                                                                       [0m 58% [1A[1G
[36m┃ [0m[0m[46m                                                                                                        [1;47m                                                                      [0m 59% [1A[1G
[36m┃ [0m[0m[46m                                                                                                         [1;47m                                                                     [0m 60% [1A[1G
[36m┃ [0m[0m[46m                                                                                                          [1;47m                                                                    [0m 60% [1A[1G
[36m┃ [0m[0m[46m                                                                                                          [1;47m                                                                    [0m 60% [1A[1G
[36m┃ [0m[0m[46m                                                                                                          [1;47m                                                                    [0m 60% [1A[1G
[36m┃ [0m[0m[46m                                                                                                           [1;47m                                                                   [0m 60% [1A[1G
[36m┃ [0m[0m[46m                                                                                                           [1;47m                                                                   [0m 61% [1A[1G
[36m┃ [0m[0m[46m                                                                                                            [1;47m                                                                  [0m 61% [1A[1G
[36m┃ [0m[0m[46m                                                                                                            [1;47m                                                                  [0m 61% [1A[1G
[36m┃ [0m[0m[46m                                                                                                             [1;47m                                                                 [0m 62% [1A[1G
[36m┃ [0m[0m[46m                                                                                                             [1;47m                                                                 [0m 62% [1A[1G
[36m┃ [0m[0m[46m                                                                                                              [1;47m                                                                [0m 62% [1A[1G
[36m┃ [0m[0m[46m                                                                                                              [1;47m                                                                [0m 63% [1A[1G
[36m┃ [0m[0m[46m                                                                                                              [1;47m                                                                [0m 63% [1A[1G
[36m┃ [0m[0m[46m                                                                                                               [1;47m                                                               [0m 63% [1A[1G
[36m┃ [0m[0m[46m                                                                                                               [1;47m                                                               [0m 63% [1A[1G
[36m┃ [0m[0m[46m                                                                                                                [1;47m                                                              [0m 64% [1A[1G
[36m┃ [0m[0m[46m                                                                                                                [1;47m                                                              [0m 64% [1A[1G
[36m┃ [0m[0m[46m                                                                                                                 [1;47m                                                             [0m 64% [1A[1G
[36m┃ [0m[0m[46m                                                                                                                 [1;47m                                                             [0m 64% [1A[1G
[36m┃ [0m[0m[46m                                                                                                                  [1;47m                                                            [0m 65% [1A[1G
[36m┃ [0m[0m[46m                                                                                                                   [1;47m                                                           [0m 65% [1A[1G
[36m┃ [0m[0m[46m                                                                                                                   [1;47m                                                           [0m 65% [1A[1G
[36m┃ [0m[0m[46m                                                                                                                    [1;47m                                                          [0m 66% [1A[1G
[36m┃ [0m[0m[46m                                                                                                                    [1;47m                                                          [0m 66% [1A[1G
[36m┃ [0m[0m[46m                                                                                                                     [1;47m                                                         [0m 66% [1A[1G
[36m┃ [0m[0m[46m                                                                                                                     [1;47m                                                         [0m 67% [1A[1G
[36m┃ [0m[0m[46m                                                                                                                      [1;47m                                                        [0m 67% [1A[1G
[36m┃ [0m[0m[46m                                                                                                                      [1;47m                                                        [0m 67% [1A[1G
[36m┃ [0m[0m[46m                                                                                                                       [1;47m                                                       [0m 67% [1A[1G
[36m┃ [0m[0m[46m                                                                                                                       [1;47m                                                       [0m 68% [1A[1G
[36m┃ [0m[0m[46m                                                                                                                        [1;47m                                                      [0m 68% [1A[1G
[36m┃ [0m[0m[46m                                                                                                                        [1;47m                                                      [0m 68% [1A[1G
[36m┃ [0m[0m[46m                                                                                                                         [1;47m                                                     [0m 69% [1A[1G
[36m┃ [0m[0m[46m                                                                                                                         [1;47m                                                     [0m 69% [1A[1G
[36m┃ [0m[0m[46m                                                                                                                          [1;47m                                                    [0m 69% [1A[1G
[36m┃ [0m[0m[46m                                                                                                                           [1;47m                                                   [0m 70% [1A[1G
[36m┃ [0m[0m[46m                                                                                                                           [1;47m                                                   [0m 70% [1A[1G
[36m┃ [0m[0m[46m                                                                                                                            [1;47m                                                  [0m 70% [1A[1G
[36m┃ [0m[0m[46m                                                                                                                            [1;47m                                                  [0m 71% [1A[1G
[36m┃ [0m[0m[46m                                                                                                                             [1;47m                                                 [0m 71% [1A[1G
[36m┃ [0m[0m[46m                                                                                                                             [1;47m                                                 [0m 71% [1A[1G
[36m┃ [0m[0m[46m                                                                                                                              [1;47m                                                [0m 71% [1A[1G
[36m┃ [0m[0m[46m                                                                                                                              [1;47m                                                [0m 72% [1A[1G
[36m┃ [0m[0m[46m                                                                                                                               [1;47m                                               [0m 72% [1A[1G
[36m┃ [0m[0m[46m                                                                                                                               [1;47m                                               [0m 72% [1A[1G
[36m┃ [0m[0m[46m                                                                                                                                [1;47m                                              [0m 73% [1A[1G
[36m┃ [0m[0m[46m                                                                                                                                 [1;47m                                             [0m 74% [1A[1G
[36m┃ [0m[0m[46m                                                                                                                                  [1;47m                                            [0m 74% [1A[1G
[36m┃ [0m[0m[46m                                                                                                                                  [1;47m                                            [0m 74% [1A[1G
[36m┃ [0m[0m[46m                                                                                                                                    [1;47m                                          [0m 75% [1A[1G
[36m┃ [0m[0m[46m                                                                                                                                    [1;47m                                          [0m 75% [1A[1G
[36m┃ [0m[0m[46m                                                                                                                                     [1;47m                                         [0m 75% [1A[1G
[36m┃ [0m[0m[46m                                                                                                                                     [1;47m                                         [0m 76% [1A[1G
[36m┃ [0m[0m[46m                                                                                                                                      [1;47m                                        [0m 76% [1A[1G
[36m┃ [0m[0m[46m                                                                                                                                       [1;47m                                       [0m 77% [1A[1G
[36m┃ [0m[0m[46m                                                                                                                                       [1;47m                                       [0m 77% [1A[1G
[36m┃ [0m[0m[46m                                                                                                                                       [1;47m                                       [0m 77% [1A[1G
[36m┃ [0m[0m[46m                                                                                                                                        [1;47m                                      [0m 77% [1A[1G
[36m┃ [0m[0m[46m                                                                                                                                        [1;47m                                      [0m 78% [1A[1G
[36m┃ [0m[0m[46m                                                                                                                                         [1;47m                                     [0m 78% [1A[1G
[36m┃ [0m[0m[46m                                                                                                                                         [1;47m                                     [0m 78% [1A[1G
[36m┃ [0m[0m[46m                                                                                                                                          [1;47m                                    [0m 79% [1A[1G
[36m┃ [0m[0m[46m                                                                                                                                           [1;47m                                   [0m 79% [1A[1G
[36m┃ [0m[0m[46m                                                                                                                                           [1;47m                                   [0m 79% [1A[1G
[36m┃ [0m[0m[46m                                                                                                                                             [1;47m                                 [0m 80% [1A[1G
[36m┃ [0m[0m[46m                                                                                                                                             [1;47m                                 [0m 80% [1A[1G
[36m┃ [0m[0m[46m                                                                                                                                             [1;47m                                 [0m 80% [1A[1G
[36m┃ [0m[0m[46m                                                                                                                                              [1;47m                                [0m 81% [1A[1G
[36m┃ [0m[0m[46m                                                                                                                                              [1;47m                                [0m 81% [1A[1G
[36m┃ [0m[0m[46m                                                                                                                                               [1;47m                               [0m 81% [1A[1G
[36m┃ [0m[0m[46m                                                                                                                                               [1;47m                               [0m 82% [1A[1G
[36m┃ [0m[0m[46m                                                                                                                                                [1;47m                              [0m 82% [1A[1G
[36m┃ [0m[0m[46m                                                                                                                                                [1;47m                              [0m 82% [1A[1G
[36m┃ [0m[0m[46m                                                                                                                                                 [1;47m                             [0m 82% [1A[1G
[36m┃ [0m[0m[46m                                                                                                                                                 [1;47m                             [0m 83% [1A[1G
[36m┃ [0m[0m[46m                                                                                                                                                 [1;47m                             [0m 83% [1A[1G
[36m┃ [0m[0m[46m                                                                                                                                                  [1;47m                            [0m 83% [1A[1G
[36m┃ [0m[0m[46m                                                                                                                                                  [1;47m                            [0m 83% [1A[1G
[36m┃ [0m[0m[46m                                                                                                                                                   [1;47m                           [0m 84% [1A[1G
[36m┃ [0m[0m[46m                                                                                                                                                   [1;47m                           [0m 84% [1A[1G
[36m┃ [0m[0m[46m                                                                                                                                                    [1;47m                          [0m 84% [1A[1G
[36m┃ [0m[0m[46m                                                                                                                                                     [1;47m                         [0m 85% [1A[1G
[36m┃ [0m[0m[46m                                                                                                                                                     [1;47m                         [0m 85% [1A[1G
[36m┃ [0m[0m[46m                                                                                                                                                      [1;47m                        [0m 85% [1A[1G
[36m┃ [0m[0m[46m                                                                                                                                                      [1;47m                        [0m 85% [1A[1G
[36m┃ [0m[0m[46m                                                                                                                                                      [1;47m                        [0m 85% [1A[1G
[36m┃ [0m[0m[46m                                                                                                                                                       [1;47m                       [0m 86% [1A[1G
[36m┃ [0m[0m[46m                                                                                                                                                       [1;47m                       [0m 86% [1A[1G
[36m┃ [0m[0m[46m                                                                                                                                                        [1;47m                      [0m 86% [1A[1G
[36m┃ [0m[0m[46m                                                                                                                                                        [1;47m                      [0m 87% [1A[1G
[36m┃ [0m[0m[46m                                                                                                                                                         [1;47m                     [0m 87% [1A[1G
[36m┃ [0m[0m[46m                                                                                                                                                         [1;47m                     [0m 87% [1A[1G
[36m┃ [0m[0m[46m                                                                                                                                                          [1;47m                    [0m 88% [1A[1G
[36m┃ [0m[0m[46m                                                                                                                                                          [1;47m                    [0m 88% [1A[1G
[36m┃ [0m[0m[46m                                                                                                                                                           [1;47m                   [0m 88% [1A[1G
[36m┃ [0m[0m[46m                                                                                                                                                           [1;47m                   [0m 88% [1A[1G
[36m┃ [0m[0m[46m                                                                                                                                                           [1;47m                   [0m 89% [1A[1G
[36m┃ [0m[0m[46m                                                                                                                                                            [1;47m                  [0m 89% [1A[1G
[36m┃ [0m[0m[46m                                                                                                                                                            [1;47m                  [0m 89% [1A[1G
[36m┃ [0m[0m[46m                                                                                                                                                             [1;47m                 [0m 89% [1A[1G
[36m┃ [0m[0m[46m                                                                                                                                                              [1;47m                [0m 90% [1A[1G
[36m┃ [0m[0m[46m                                                                                                                                                              [1;47m                [0m 90% [1A[1G
[36m┃ [0m[0m[46m                                                                                                                                                               [1;47m               [0m 90% [1A[1G
[36m┃ [0m[0m[46m                                                                                                                                                               [1;47m               [0m 91% [1A[1G
[36m┃ [0m[0m[46m                                                                                                                                                                [1;47m              [0m 91% [1A[1G
[36m┃ [0m[0m[46m                                                                                                                                                                [1;47m              [0m 91% [1A[1G
[36m┃ [0m[0m[46m                                                                                                                                                                [1;47m              [0m 91% [1A[1G
[36m┃ [0m[0m[46m                                                                                                                                                                 [1;47m             [0m 92% [1A[1G
[36m┃ [0m[0m[46m                                                                                                                                                                 [1;47m             [0m 92% [1A[1G
[36m┃ [0m[0m[46m                                                                                                                                                                  [1;47m            [0m 92% [1A[1G
[36m┃ [0m[0m[46m                                                                                                                                                                  [1;47m            [0m 92% [1A[1G
[36m┃ [0m[0m[46m                                                                                                                                                                   [1;47m           [0m 93% [1A[1G
[36m┃ [0m[0m[46m                                                                                                                                                                   [1;47m           [0m 93% [1A[1G
[36m┃ [0m[0m[46m                                                                                                                                                                    [1;47m          [0m 93% [1A[1G
[36m┃ [0m[0m[46m                                                                                                                                                                    [1;47m          [0m 94% [1A[1G
[36m┃ [0m[0m[46m                                                                                                                                                                     [1;47m         [0m 94% [1A[1G
[36m┃ [0m[0m[46m                                                                                                                                                                     [1;47m         [0m 94% [1A[1G
[36m┃ [0m[0m[46m                                                                                                                                                                      [1;47m        [0m 95% [1A[1G
[36m┃ [0m[0m[46m                                                                                                                                                                       [1;47m       [0m 95% [1A[1G
[36m┃ [0m[0m[46m                                                                                                                                                                       [1;47m       [0m 95% [1A[1G
[36m┃ [0m[0m[46m                                                                                                                                                                        [1;47m      [0m 96% [1A[1G
[36m┃ [0m[0m[46m                                                                                                                                                                        [1;47m      [0m 96% [1A[1G
[36m┃ [0m[0m[46m                                                                                                                                                                         [1;47m     [0m 96% [1A[1G
[36m┃ [0m[0m[46m                                                                                                                                                                         [1;47m     [0m 96% [1A[1G
[36m┃ [0m[0m[46m                                                                                                                                                                          [1;47m    [0m 97% [1A[1G
[36m┃ [0m[0m[46m                                                                                                                                                                          [1;47m    [0m 97% [1A[1G
[36m┃ [0m[0m[46m                                                                                                                                                                           [1;47m   [0m 97% [1A[1G
[36m┃ [0m[0m[46m                                                                                                                                                                           [1;47m   [0m 98% [1A[1G
[36m┃ [0m[0m[46m                                                                                                                                                                            [1;47m  [0m 98% [1A[1G
[36m┃ [0m[0m[46m                                                                                                                                                                            [1;47m  [0m 98% [1A[1G
[36m┃ [0m[0m[46m                                                                                                                                                                             [1;47m [0m 99% [1A[1G
[36m┃ [0m[0m[46m                                                                                                                                                                             [1;47m [0m 99% [1A[1G
[36m┃ [0m[0m[46m                                                                                                                                                                              [1;47m[0m 99% [1A[1G
[36m┃ [0m[0m[46m                                                                                                                                                                              [1;47m[0m 100%[1A[1G
[36m┃ [0m[0m[46m                                                                                                                                                                              [1;47m[0m 100%[1A[1G
[82499] [36m┃ [0m[0m[46m                                                                                                                                                                              [1;47m[0m 100%[82499] [1A[1G
[82499] [36m┃ [0m[0m[46m                                                                                                                                                                              [1;47m[0m 100%
[82499] [?25h[82499] [?25l[36m[1G━━━━━━━━━━━━━━━━━━━━━━━━━━━━━━━━━━━━━━━━━━━━━━━━━━━━━━━━━━━━━━━━━━━━━━━━━━━━━━━━━━━━━━━━━━━━━━━━━━━━━━━━━━━━━━━━━━━━━━━━━━━━━━━━━━━━━━━━━━━━━━━━━━━━━━━━━━━━━━━━━━━━━━━━━━━━━━━━━━━━━[1G[36m┗━━[36m[170G (41.62s) [0m[?25h
[82499] [0;32m✓[0m [0;32mThe [0;32;1mdawn-fog-122[0;32m theme was pushed successfully[0m

  [0;94mShare your theme preview:[0m
  [0;4mhttps://4d2b4e.myshopify.com/?preview_theme_id=171154014535[0m

